2023-09-25 14:15:28 INFO  [utils.Base] Browser Launched
2023-09-25 14:15:29 INFO  [utils.Base] Browser Loaded the URL
2023-09-25 14:15:31 INFO  [pages.homepage] 1234
2023-09-25 14:15:31 INFO  [pages.homepage] qwert
2023-09-25 14:15:31 INFO  [pages.homepage] Chrome
2023-09-25 14:15:32 INFO  [pages.homepage] Info Message!
2023-09-25 14:15:32 WARN  [pages.homepage] Warn Message!
2023-09-25 14:15:32 ERROR [pages.homepage] Error Message!
2023-09-25 14:15:32 FATAL [pages.homepage] Fatal Message!
2023-09-25 14:15:44 INFO  [utils.Base] Browser Launched
2023-09-25 14:15:45 INFO  [utils.Base] Browser Loaded the URL
2023-09-25 14:15:46 INFO  [pages.homepage] 1234
2023-09-25 14:15:46 INFO  [pages.homepage] qwert
2023-09-25 14:15:46 INFO  [pages.homepage] Chrome
2023-09-25 14:15:47 INFO  [pages.homepage] Info Message!
2023-09-25 14:15:47 WARN  [pages.homepage] Warn Message!
2023-09-25 14:15:47 ERROR [pages.homepage] Error Message!
2023-09-25 14:15:47 FATAL [pages.homepage] Fatal Message!
2023-09-25 14:15:56 INFO  [utils.Base] Browser Launched
2023-09-25 14:15:58 INFO  [utils.Base] Browser Loaded the URL
2023-09-25 14:15:58 INFO  [pages.homepage] 1234
2023-09-25 14:15:58 INFO  [pages.homepage] qwert
2023-09-25 14:15:58 INFO  [pages.homepage] Chrome
2023-09-25 14:15:59 INFO  [pages.homepage] Info Message!
2023-09-25 14:15:59 WARN  [pages.homepage] Warn Message!
2023-09-25 14:15:59 ERROR [pages.homepage] Error Message!
2023-09-25 14:15:59 FATAL [pages.homepage] Fatal Message!
